<?xml version="1.0" encoding="UTF-8" standalone="no"?>
<testsuite failures="0" name="cucumber.runtime.formatter.JUnitFormatter" skipped="0" tests="1" time="12.709777">
<testcase classname="Login into the Application" name="launch Browser" time="12.709777">
<system-out><![CDATA[Given User Launches Browser.................................................passed
When User Enters User Name..................................................passed
And User Enters Password....................................................passed
And User Clicks Login Button................................................passed
Then User Successfully lands on the Home Page...............................passed
]]></system-out>
</testcase>
</testsuite>
